<?xml version="1.0" encoding="UTF-8"?>
<!-- Generated by org.testng.reporters.JUnitReportReporter -->
<testsuite hostname="DellHome" failures="0" tests="1" name="testscript.ManageNewsTest" time="8.186" errors="0" timestamp="2025-01-14T20:40:38 IST" skipped="0">
  <testcase classname="testscript.ManageNewsTest" name="checkWhetherUserIsAbleToCreateNews" time="8.186"/>
</testsuite> <!-- testscript.ManageNewsTest -->
