<?xml version="1.0" encoding="UTF-8"?>
<!-- Generated by org.testng.reporters.JUnitReportReporter -->
<testsuite hostname="DellHome" failures="0" tests="1" name="testscript.SubCategoryTest" time="9.673" errors="0" timestamp="2025-01-14T20:41:14 IST" skipped="0">
  <testcase classname="testscript.SubCategoryTest" name="ensureWhetherUserIsAbleToAddNewSubCategory" time="9.673"/>
</testsuite> <!-- testscript.SubCategoryTest -->
