<?xml version="1.0" encoding="UTF-8"?>
<!-- Generated by org.testng.reporters.JUnitReportReporter -->
<testsuite hostname="DellHome" failures="0" tests="1" name="testscript.HomeTest" time="8.208" errors="0" timestamp="2025-01-25T15:15:27 IST" skipped="0">
  <testcase classname="testscript.HomeTest" name="ensureThatUserIsAbleToLogoutFromAdminSite" time="8.208"/>
</testsuite> <!-- testscript.HomeTest -->
