<?xml version="1.0" encoding="UTF-8"?>
<!-- Generated by org.testng.reporters.JUnitReportReporter -->
<testsuite hostname="DellHome" failures="0" tests="2" name="testscript.ManageContactTest" time="15.950" errors="0" timestamp="2025-01-25T15:40:10 IST" skipped="0">
  <testcase classname="testscript.ManageContactTest" name="validateWhetherUpdateButtonIsDisplayedInContactPage" time="6.613"/>
  <testcase classname="testscript.ManageContactTest" name="ensureWhetherUserIsAbleToEditContactDetails" time="9.337"/>
</testsuite> <!-- testscript.ManageContactTest -->
