<?xml version="1.0" encoding="UTF-8"?>
<!-- Generated by org.testng.reporters.JUnitReportReporter -->
<testsuite hostname="DellHome" failures="0" tests="2" name="testscript.ManageFooterTest" time="16.888" errors="0" timestamp="2025-01-25T15:40:10 IST" skipped="0">
  <testcase classname="testscript.ManageFooterTest" name="ensureThatUpdateButtonIsDisplayedinFooterPage" time="7.790"/>
  <testcase classname="testscript.ManageFooterTest" name="validateIfUserIsAbleToeditFooterTextDetails" time="9.098"/>
</testsuite> <!-- testscript.ManageFooterTest -->
