<?xml version="1.0" encoding="UTF-8"?>
<!-- Generated by org.testng.reporters.JUnitReportReporter -->
<testsuite hostname="DellHome" failures="0" tests="2" name="testscript.AdminUsersTest" time="22.094" errors="0" timestamp="2025-01-25T15:15:28 IST" skipped="0">
  <testcase classname="testscript.AdminUsersTest" name="checkWhetherAdminCanDeleteUserDetails" time="9.469"/>
  <testcase classname="testscript.AdminUsersTest" name="checkIfAdminIsAbleToCreateNewUser" time="12.625"/>
</testsuite> <!-- testscript.AdminUsersTest -->
