<?xml version="1.0" encoding="UTF-8"?>
<!-- Generated by org.testng.reporters.JUnitReportReporter -->
<testsuite hostname="DellHome" failures="0" tests="1" name="testscript.ManageNewsTest" time="8.458" errors="0" timestamp="2025-01-25T15:26:09 IST" skipped="0">
  <testcase classname="testscript.ManageNewsTest" name="checkWhetherUserIsAbleToCreateNews" time="8.458"/>
</testsuite> <!-- testscript.ManageNewsTest -->
