<?xml version="1.0" encoding="UTF-8"?>
<!-- Generated by org.testng.reporters.JUnitReportReporter -->
<testsuite hostname="DellHome" failures="0" tests="1" name="testscript.ManageContactTest" time="6.608" errors="0" timestamp="2025-01-14T20:39:34 IST" skipped="0">
  <testcase classname="testscript.ManageContactTest" name="validateWhetherUpdateButtonIsDisplayedInContactPage" time="6.608"/>
</testsuite> <!-- testscript.ManageContactTest -->
