<?xml version="1.0" encoding="UTF-8"?>
<!-- Generated by org.testng.reporters.JUnitReportReporter -->
<testsuite hostname="DellHome" failures="0" tests="1" name="testscript.LoginTest" time="7.761" errors="0" timestamp="2025-01-15T21:29:25 IST" skipped="0">
  <testcase classname="testscript.LoginTest" name="verifyTheUserUnableToLoginUsingInvalidPassword" time="7.761"/>
</testsuite> <!-- testscript.LoginTest -->
