<?xml version="1.0" encoding="UTF-8"?>
<!-- Generated by org.testng.reporters.JUnitReportReporter -->
<testsuite hostname="DellHome" failures="0" tests="2" name="testscript.ManageProductTest" time="12.988" errors="0" timestamp="2025-01-25T15:35:25 IST" skipped="1">
  <testcase classname="testscript.ManageProductTest" name="validateWhetherUserIsAbleToDeleteProductDetails" time="3.828">
    <skipped/>
  </testcase> <!-- validateWhetherUserIsAbleToDeleteProductDetails -->
  <testcase classname="testscript.ManageProductTest" name="validateWhetherUserIsAbleToDeleteProductDetails" time="9.160"/>
</testsuite> <!-- testscript.ManageProductTest -->
