<?xml version="1.0" encoding="UTF-8"?>
<!-- Generated by org.testng.reporters.JUnitReportReporter -->
<testsuite hostname="DellHome" failures="0" tests="1" name="testscript.ManageProductTest" time="6.953" errors="0" timestamp="2025-01-14T20:40:53 IST" skipped="0">
  <testcase classname="testscript.ManageProductTest" name="validateWhetherUserIsAbleToDeleteProductDetails" time="6.953"/>
</testsuite> <!-- testscript.ManageProductTest -->
