<?xml version="1.0" encoding="UTF-8"?>
<!-- Generated by org.testng.reporters.JUnitReportReporter -->
<testsuite hostname="DellHome" failures="0" tests="1" name="testscript.ManageFooterTest" time="7.815" errors="0" timestamp="2025-01-14T20:40:19 IST" skipped="0">
  <testcase classname="testscript.ManageFooterTest" name="ensureThatUpdateButtonIsDisplayedinFooterPage" time="7.815"/>
</testsuite> <!-- testscript.ManageFooterTest -->
