<?xml version="1.0" encoding="UTF-8"?>
<!-- Generated by org.testng.reporters.JUnitReportReporter -->
<testsuite hostname="DellHome" failures="0" tests="1" name="testscript.HomeTest" time="7.171" errors="0" timestamp="2025-01-14T20:38:50 IST" skipped="0">
  <testcase classname="testscript.HomeTest" name="ensureThatUserIsAbleToLogoutFromAdminSite" time="7.171"/>
</testsuite> <!-- testscript.HomeTest -->
