<?xml version="1.0" encoding="UTF-8"?>
<!-- Generated by org.testng.reporters.JUnitReportReporter -->
<testsuite hostname="DellHome" failures="0" tests="1" name="testscript.LoginTest" time="14.298" errors="0" timestamp="2025-01-16T21:24:03 IST" skipped="0">
  <testcase classname="testscript.LoginTest" name="verifyTheUserUnableToLoginUsingInvalidPassword" time="14.298"/>
</testsuite> <!-- testscript.LoginTest -->
