<?xml version="1.0" encoding="UTF-8"?>
<!-- Generated by org.testng.reporters.JUnitReportReporter -->
<testsuite hostname="DellHome" failures="0" tests="1" name="testscript.LoginTest" time="11.095" errors="0" timestamp="2025-01-16T20:49:14 IST" skipped="0">
  <testcase classname="testscript.LoginTest" name="verifyTheUserUnableToLoginUsingInvalidPassword" time="11.095"/>
</testsuite> <!-- testscript.LoginTest -->
